<project xmlns="http://maven.apache.org/POM/4.0.0" xmlns:xsi="http://www.w3.org/2001/XMLSchema-instance"
	xsi:schemaLocation="http://maven.apache.org/POM/4.0.0 http://maven.apache.org/xsd/maven-4.0.0.xsd">
	<modelVersion>4.0.0</modelVersion>
	<parent>
		<groupId>org.fartpig</groupId>
		<artifactId>incrementArchive</artifactId>
		<version>0.3.0-RELEASE</version>
	</parent>
	<artifactId>incrementArchive-maven-plugin-test</artifactId>

	<build>
		<plugins>
			<plugin>
				<groupId>org.fartpig</groupId>
				<artifactId>incrementArchive-maven-plugin</artifactId>
				<version>${project.version}</version>
				<executions>
					<execution>
						<id>test-incrementArchive</id>
						<goals>
							<goal>
								incrementArchive
							</goal>
						</goals>
					</execution>
				</executions>
				<configuration>
					<inputDir>${basedir}</inputDir>
					<outputDir>${basedir}/fjcmis-target</outputDir>
					<extensions>xml,html</extensions>
					<changeLogSourceFile>D:/workspace-my/incrementArchive/incrementArchive-jar/target/test-classes/fjcmis-file.txt</changeLogSourceFile>
					<zipFileName>fjcmis.zip</zipFileName>
				</configuration>
			</plugin>
		</plugins>
	</build>

	<dependencies>
		<dependency>
			<groupId>junit</groupId>
			<artifactId>junit</artifactId>
			<version>4.8.2</version>
			<scope>test</scope>
		</dependency>
	</dependencies>

</project>