<project xmlns="http://maven.apache.org/POM/4.0.0" xmlns:xsi="http://www.w3.org/2001/XMLSchema-instance"
	xsi:schemaLocation="http://maven.apache.org/POM/4.0.0 http://maven.apache.org/xsd/maven-4.0.0.xsd">
	<modelVersion>4.0.0</modelVersion>
	<parent>
		<groupId>org.fartpig</groupId>
		<artifactId>incrementArchive</artifactId>
		<version>0.3.0-SNAPSHOT</version>
	</parent>
	<artifactId>incrementArchive-maven-plugin-test</artifactId>

	<build>
		<plugins>
			<plugin>
				<groupId>org.fartpig</groupId>
				<artifactId>incrementArchive-maven-plugin</artifactId>
				<version>${project.version}</version>
				<executions>
					<execution>
						<id>test-incrementArchive</id>
						<phase>prepare-package</phase>
						<goals>
							<goal>
								incrementArchive
							</goal>
						</goals>
					</execution>
				</executions>
				<configuration>
					<inputDir>${basedir}/target</inputDir>
					<outputDir>${basedir}/fjcmis-target</outputDir>
					<typeEnum>OUTPUT</typeEnum>
					<outputEnum>OUTPUT_ASSEMBLE</outputEnum>
					<fileMapping>
						<property>
							<name>/src/main/webapp/*</name>
							<value>/*</value>
						</property>
						<property>
							<name>/src/main/java/*.java</name>
							<value>/WEB-INF/classes/*.class</value>
						</property>
						<property>
							<name>/src/main/java/*.xml</name>
							<value>/WEB-INF/classes/*.xml</value>
						</property>
					</fileMapping>
					<assembleTemplate>${basedir}/target/test-classes/my-assemble.ftl</assembleTemplate>
					<changeLogSourceFile>${basedir}/target/test-classes/assemble.txt</changeLogSourceFile>
				</configuration>
			</plugin>
		</plugins>
	</build>

	<dependencies>
		<dependency>
			<groupId>junit</groupId>
			<artifactId>junit</artifactId>
			<version>4.8.2</version>
			<scope>test</scope>
		</dependency>
	</dependencies>

</project>